[0mGET / [32m200[0m 15.561 ms - 3170[0m
[0mGET /css/home.css [36m304[0m 1.068 ms - -[0m
[0mGET /js/graphjs.js [32m200[0m 4.112 ms - 3395[0m
[0mGET /css/profile.css [36m304[0m 1.452 ms - -[0m
[0mGET /static/SAP.csv [32m200[0m 4.825 ms - 18547[0m
[0mGET /static/RELIANCE.NS.csv [32m200[0m 1.800 ms - 19500[0m
[0mGET /static/IBM.csv [32m200[0m 1.604 ms - 18758[0m
[0mGET /users/signup [32m200[0m 8.161 ms - 4186[0m
[0mGET /css/home.css [36m304[0m 0.854 ms - -[0m
[0mGET / [36m304[0m 7.915 ms - -[0m
[0mGET /css/home.css [36m304[0m 1.274 ms - -[0m
[0mGET /css/profile.css [36m304[0m 1.306 ms - -[0m
[0mGET /js/graphjs.js [36m304[0m 0.630 ms - -[0m
[0mGET /static/SAP.csv [36m304[0m 0.447 ms - -[0m
[0mGET /static/RELIANCE.NS.csv [36m304[0m 0.451 ms - -[0m
[0mGET /static/IBM.csv [36m304[0m 0.422 ms - -[0m
[0mGET /users/signin [36m304[0m 6.414 ms - -[0m
[0mGET /css/signin.css [32m200[0m 6.898 ms - 826[0m
[0mGET /css/home.css [36m304[0m 1.284 ms - -[0m
[0mGET /js/frames.js [32m200[0m 4.266 ms - 1180[0m
[0mGET /css/home.css [32m200[0m 10.970 ms - 1638[0m
[0mGET /css/profile.css [32m200[0m 9.923 ms - 981[0m
[0mGET /js/graphjs.js [32m200[0m 2.356 ms - 3395[0m
[0mGET / [32m200[0m 34.848 ms - 3170[0m
[0mGET /static/SAP.csv [32m200[0m 4.457 ms - 18547[0m
[0mGET /static/RELIANCE.NS.csv [32m200[0m 2.515 ms - 19500[0m
[0mGET /static/IBM.csv [32m200[0m 1.827 ms - 18758[0m
[0mGET /favicon.ico [33m404[0m 48.008 ms - 150[0m
[0mGET /users/signup [32m200[0m 10.116 ms - 4186[0m
[0mGET /css/home.css [36m304[0m 11.008 ms - -[0m
[0mGET /users/auth/google [36m302[0m 8.982 ms - 0[0m
[0mGET /users/auth/google/callback?code=4%2FzwHRpt5E8RsbA5kotSdAGmLP1j_sREw-aEDZUjiZkIzoJOsWpKoMsZ2HlpWcTv2wMCdXHKOiFmencLt9WpO09Rc&scope=email+profile+https%3A%2F%2Fwww.googleapis.com%2Fauth%2Fuserinfo.profile+https%3A%2F%2Fwww.googleapis.com%2Fauth%2Fuserinfo.email+openid&authuser=3&prompt=consent [36m302[0m 582.843 ms - 58[0m
[0mGET /invest [32m200[0m 47.809 ms - 4551[0m
[0mGET /css/invest.css [32m200[0m 2.379 ms - 2383[0m
[0mGET /css/home.css [36m304[0m 3.861 ms - -[0m
[0mGET /css/profile.css [36m304[0m 3.858 ms - -[0m
[0mGET /js/numberofdays.js [32m200[0m 0.878 ms - 226[0m
[0mGET /js/sliderfunc.js [32m200[0m 1.411 ms - 520[0m
[0mGET /js/nameofcompany.js [32m200[0m 0.787 ms - 352[0m
[0mGET /uploads/users/avatars/avatar-1585739688087 [32m200[0m 3.190 ms - 206189[0m
[0mGET /images/avatar-placeholder.png [32m200[0m 3.536 ms - 6634[0m
[0mGET /users/profile/5e83dbb50155ec511c4c811e [32m200[0m 14.127 ms - 5993[0m
[0mGET /css/home.css [36m304[0m 1.138 ms - -[0m
[0mGET /css/invest.css [36m304[0m 1.520 ms - -[0m
[0mGET /css/profile.css [36m304[0m 1.495 ms - -[0m
[0mGET /js/frames.js [32m200[0m 2.072 ms - 1180[0m
[0mGET /uploads/users/avatars/avatar-1585739688087 [36m304[0m 0.853 ms - -[0m
[0mGET /invest [32m200[0m 9.920 ms - 4373[0m
[0mGET /css/home.css [36m304[0m 1.704 ms - -[0m
[0mGET /css/invest.css [36m304[0m 1.329 ms - -[0m
[0mGET /css/profile.css [36m304[0m 1.124 ms - -[0m
[0mGET /js/numberofdays.js [36m304[0m 0.832 ms - -[0m
[0mGET /js/sliderfunc.js [36m304[0m 1.536 ms - -[0m
[0mGET /js/nameofcompany.js [36m304[0m 0.939 ms - -[0m
[0mGET /uploads/users/avatars/avatar-1585739688087 [36m304[0m 1.951 ms - -[0m
[0mPOST /invest/create [36m302[0m 96.977 ms - 100[0m
[0mGET /invest [32m200[0m 8.728 ms - 4568[0m
[0mGET /css/home.css [36m304[0m 0.435 ms - -[0m
[0mGET /css/invest.css [36m304[0m 0.914 ms - -[0m
[0mGET /css/profile.css [36m304[0m 0.450 ms - -[0m
[0mGET /js/numberofdays.js [36m304[0m 0.420 ms - -[0m
[0mGET /js/sliderfunc.js [36m304[0m 0.763 ms - -[0m
[0mGET /js/nameofcompany.js [36m304[0m 0.797 ms - -[0m
[0mGET /uploads/users/avatars/avatar-1585739688087 [36m304[0m 1.177 ms - -[0m
[0mGET /invest/previous_investment/5e83dbb50155ec511c4c811e [32m200[0m 81.346 ms - 30327[0m
[0mGET /css/home.css [36m304[0m 1.623 ms - -[0m
[0mGET /css/invest.css [36m304[0m 9.837 ms - -[0m
[0mGET /css/profile.css [36m304[0m 11.111 ms - -[0m
[0mGET /uploads/users/avatars/avatar-1585739688087 [36m304[0m 1.960 ms - -[0m
[0mGET / [32m200[0m 28.131 ms - 3545[0m
[0mGET /css/home.css [36m304[0m 7.220 ms - -[0m
[0mGET /css/profile.css [36m304[0m 7.448 ms - -[0m
[0mGET /js/graphjs.js [36m304[0m 0.923 ms - -[0m
[0mGET /uploads/users/avatars/avatar-1585739688087 [36m304[0m 0.707 ms - -[0m
[0mGET /images/avatar-placeholder.png [36m304[0m 0.339 ms - -[0m
[0mGET /static/SAP.csv [36m304[0m 1.315 ms - -[0m
[0mGET /static/RELIANCE.NS.csv [36m304[0m 0.453 ms - -[0m
[0mGET /static/IBM.csv [36m304[0m 0.626 ms - -[0m
[0mGET /invest/previous_investment/5e83dbb50155ec511c4c811e [36m304[0m 27.837 ms - -[0m
[0mGET /css/home.css [36m304[0m 1.543 ms - -[0m
[0mGET /css/invest.css [36m304[0m 1.747 ms - -[0m
[0mGET /css/profile.css [36m304[0m 1.039 ms - -[0m
[0mGET /uploads/users/avatars/avatar-1585739688087 [36m304[0m 0.775 ms - -[0m
[0mGET /images/avatar-placeholder.png [36m304[0m 2.696 ms - -[0m
[0mGET /users/output [32m200[0m 9.820 ms - 3453[0m
[0mGET /css/home.css [36m304[0m 1.463 ms - -[0m
[0mGET /css/profile.css [36m304[0m 1.167 ms - -[0m
[0mGET /js/build_output.js [32m200[0m 3.401 ms - 3783[0m
[0mGET /uploads/users/avatars/avatar-1585739688087 [36m304[0m 1.764 ms - -[0m
[0mGET /images/avatar-placeholder.png [36m304[0m 1.306 ms - -[0m
[0mGET /static/state_data2.csv [32m200[0m 5.728 ms - 494[0m
[0mGET /static/close.csv [32m200[0m 1.952 ms - 181[0m
[0mGET /invest/output [33m404[0m 5.736 ms - 152[0m
[0mGET /static/close.csv [36m304[0m 0.421 ms - -[0m
[0mGET / [32m200[0m 29.866 ms - 3170[0m
[0mGET /css/home.css [36m304[0m 2.931 ms - -[0m
[0mGET /css/profile.css [36m304[0m 2.008 ms - -[0m
[0mGET /js/graphjs.js [36m304[0m 1.391 ms - -[0m
[0mGET /static/SAP.csv [36m304[0m 1.904 ms - -[0m
[0mGET /favicon.ico [33m404[0m 15.495 ms - 150[0m
[0mGET /static/RELIANCE.NS.csv [36m304[0m 2.274 ms - -[0m
[0mGET /static/IBM.csv [36m304[0m 0.571 ms - -[0m
[0mGET / [36m304[0m 12.852 ms - -[0m
[0mGET /css/home.css [36m304[0m 0.628 ms - -[0m
[0mGET /css/profile.css [36m304[0m 0.447 ms - -[0m
[0mGET /js/graphjs.js [36m304[0m 0.905 ms - -[0m
[0mGET /static/SAP.csv [36m304[0m 0.572 ms - -[0m
[0mGET /static/RELIANCE.NS.csv [36m304[0m 1.058 ms - -[0m
[0mGET /static/IBM.csv [36m304[0m 0.610 ms - -[0m
[0mGET /users/signup [32m200[0m 6.787 ms - 4186[0m
[0mGET /css/home.css [36m304[0m 0.691 ms - -[0m
[0mGET /users/auth/google [36m302[0m 10.531 ms - 0[0m
[0mGET /users/auth/google/callback?code=4%2FzwHCHne1JSrpk6eqLlawXYwqt-Vc4CsjwuzQqXylkEk1VPEeUf9T_HycGfHEmatTlYtaEJK2fAVrcSo2mdEAT94&scope=email+profile+https%3A%2F%2Fwww.googleapis.com%2Fauth%2Fuserinfo.profile+https%3A%2F%2Fwww.googleapis.com%2Fauth%2Fuserinfo.email+openid&authuser=0&prompt=consent [36m302[0m 561.920 ms - 58[0m
[0mGET /invest [32m200[0m 10.702 ms - 4508[0m
[0mGET /css/home.css [36m304[0m 0.562 ms - -[0m
[0mGET /css/invest.css [36m304[0m 2.530 ms - -[0m
[0mGET /css/profile.css [36m304[0m 2.551 ms - -[0m
[0mGET /js/numberofdays.js [36m304[0m 2.708 ms - -[0m
[0mGET /js/sliderfunc.js [36m304[0m 2.802 ms - -[0m
[0mGET /js/nameofcompany.js [36m304[0m 2.915 ms - -[0m
[0mGET /images/avatar-placeholder.png [36m304[0m 0.494 ms - -[0m
[0mGET /invest/previous_investment/5e793bf9da12061f70b8e6ed [32m200[0m 42.946 ms - 5558[0m
[0mGET /css/home.css [36m304[0m 1.653 ms - -[0m
[0mGET /css/invest.css [36m304[0m 1.606 ms - -[0m
[0mGET /css/profile.css [36m304[0m 1.318 ms - -[0m
[0mGET /invest [32m200[0m 9.679 ms - 4330[0m
[0mGET /css/home.css [36m304[0m 1.457 ms - -[0m
[0mGET /css/invest.css [36m304[0m 1.620 ms - -[0m
[0mGET /css/profile.css [36m304[0m 2.736 ms - -[0m
[0mGET /js/numberofdays.js [36m304[0m 1.177 ms - -[0m
[0mGET /js/sliderfunc.js [36m304[0m 1.222 ms - -[0m
[0mGET /js/nameofcompany.js [36m304[0m 1.222 ms - -[0m
[0mPOST /invest/create [36m302[0m 46.255 ms - 100[0m
[0mGET /invest [32m200[0m 7.552 ms - 4525[0m
[0mGET /css/home.css [36m304[0m 0.946 ms - -[0m
[0mGET /css/invest.css [36m304[0m 0.587 ms - -[0m
[0mGET /css/profile.css [36m304[0m 1.717 ms - -[0m
[0mGET /js/numberofdays.js [36m304[0m 1.659 ms - -[0m
[0mGET /js/sliderfunc.js [36m304[0m 1.478 ms - -[0m
[0mGET /js/nameofcompany.js [36m304[0m 0.821 ms - -[0m
[0mGET /invest/previous_investment/5e793bf9da12061f70b8e6ed [32m200[0m 36.346 ms - 6448[0m
[0mGET /css/home.css [36m304[0m 1.353 ms - -[0m
[0mGET /css/invest.css [36m304[0m 1.311 ms - -[0m
[0mGET /css/profile.css [36m304[0m 1.299 ms - -[0m
[0mGET /invest [32m200[0m 9.396 ms - 4330[0m
[0mGET /css/home.css [36m304[0m 0.936 ms - -[0m
[0mGET /css/invest.css [36m304[0m 2.407 ms - -[0m
[0mGET /css/profile.css [36m304[0m 2.965 ms - -[0m
[0mGET /js/numberofdays.js [36m304[0m 2.861 ms - -[0m
[0mGET /js/sliderfunc.js [36m304[0m 1.735 ms - -[0m
[0mGET /js/nameofcompany.js [36m304[0m 1.767 ms - -[0m
[0mGET /users/profile/5e793bf9da12061f70b8e6ed [32m200[0m 11.622 ms - 5908[0m
[0mGET /css/home.css [36m304[0m 2.120 ms - -[0m
[0mGET /js/frames.js [32m200[0m 4.307 ms - 1180[0m
[0mGET /css/invest.css [36m304[0m 1.202 ms - -[0m
[0mGET /css/profile.css [36m304[0m 1.134 ms - -[0m
[0mPOST /users/updateprofilepic/5e793bf9da12061f70b8e6ed [36m302[0m 32.188 ms - 164[0m
[0mGET /users/profile/5e793bf9da12061f70b8e6ed [32m200[0m 8.266 ms - 5994[0m
[0mGET /css/home.css [36m304[0m 0.544 ms - -[0m
[0mGET /css/invest.css [36m304[0m 0.770 ms - -[0m
[0mGET /css/profile.css [36m304[0m 3.002 ms - -[0m
[0mGET /js/frames.js [36m304[0m 0.892 ms - -[0m
[0mGET /uploads/users/avatars/avatar-1590062490722 [32m200[0m 2.200 ms - 206189[0m
[0mGET /invest [32m200[0m 10.419 ms - 4373[0m
[0mGET /css/home.css [36m304[0m 0.690 ms - -[0m
[0mGET /css/invest.css [36m304[0m 1.460 ms - -[0m
[0mGET /css/profile.css [36m304[0m 0.963 ms - -[0m
[0mGET /js/numberofdays.js [36m304[0m 1.152 ms - -[0m
[0mGET /js/sliderfunc.js [36m304[0m 1.756 ms - -[0m
[0mGET /js/nameofcompany.js [36m304[0m 1.392 ms - -[0m
[0mGET /uploads/users/avatars/avatar-1590062490722 [36m304[0m 1.108 ms - -[0m
[0mGET /users/signout [36m302[0m 5.096 ms - 46[0m
[0mGET / [32m200[0m 12.185 ms - 3399[0m
[0mGET /css/home.css [36m304[0m 0.644 ms - -[0m
[0mGET /css/profile.css [36m304[0m 2.379 ms - -[0m
[0mGET /js/graphjs.js [36m304[0m 1.146 ms - -[0m
[0mGET /static/SAP.csv [36m304[0m 0.727 ms - -[0m
[0mGET /static/RELIANCE.NS.csv [36m304[0m 0.389 ms - -[0m
[0mGET /static/IBM.csv [36m304[0m 0.844 ms - -[0m
[0mGET /users/signin [32m200[0m 6.554 ms - 4008[0m
[0mGET /css/signin.css [32m200[0m 2.419 ms - 826[0m
[0mGET /css/home.css [36m304[0m 1.422 ms - -[0m
[0mGET /js/frames.js [36m304[0m 0.465 ms - -[0m
